
> vamosalrio@0.1.0 build
> next build

  ▲ Next.js 14.2.35
  - Environments: .env.local

   Creating an optimized production build ...
 ✓ Compiled successfully
   Linting and checking validity of types ...
   Collecting page data ...
   Generating static pages (0/14) ...
   Generating static pages (3/14) 
   Generating static pages (6/14) 
   Generating static pages (10/14) 
 ✓ Generating static pages (14/14)
   Finalizing page optimization ...
   Collecting build traces ...

Route (app)                              Size     First Load JS
┌ ○ /                                    194 B          96.7 kB
├ ○ /_not-found                          873 B          88.7 kB
├ ƒ /completar-perfil                    194 B          96.7 kB
├ ƒ /feed                                4.4 kB          101 kB
├ ƒ /login                               194 B          96.7 kB
├ ƒ /mis-salidas                         2.28 kB        98.8 kB
├ ƒ /perfil                              194 B          96.7 kB
├ ƒ /perfil/[id]                         194 B          96.7 kB
├ ○ /privacidad                          194 B          96.7 kB
├ ƒ /registro                            194 B          96.7 kB
├ ƒ /salida/[id]                         73.3 kB         170 kB
├ ƒ /salida/[id]/calificar               2.14 kB        98.6 kB
├ ƒ /salida/nueva                        4.34 kB        92.1 kB
└ ○ /terminos                            194 B          96.7 kB
+ First Load JS shared by all            87.8 kB
  ├ chunks/117-2338220a04c31619.js       31.7 kB
  ├ chunks/fd9d1056-6978bc33ac64a8f4.js  53.6 kB
  └ other shared chunks (total)          2.44 kB


○  (Static)   prerendered as static content
ƒ  (Dynamic)  server-rendered on demand

